Using pre-set license
Built from '2022.3/staging' branch; Version is '2022.3.11f1 (d00248457e15) revision 13632072'; Using compiler version '192829333'; Build Type 'Release'
OS: 'Windows 10  (10.0.19045) 64bit CoreSingleLanguage' Language: 'en' Physical Memory: 16169 MB
BatchMode: 1, IsHumanControllingUs: 0, StartBugReporterOnCrash: 0, Is64bit: 1, IsPro: 1

COMMAND LINE ARGUMENTS:
C:\Program Files\Unity\Hub\Editor\2022.3.11f1\Editor\Unity.exe
-adb2
-batchMode
-noUpm
-name
AssetImportWorker0
-projectPath
C:/sae/studio-2-week-3
-logFile
Logs/AssetImportWorker0.log
-srvPort
53011
Successfully changed project path to: C:/sae/studio-2-week-3
C:/sae/studio-2-week-3
[UnityMemory] Configuration Parameters - Can be set up in boot.config
    "memorysetup-bucket-allocator-granularity=16"
    "memorysetup-bucket-allocator-bucket-count=8"
    "memorysetup-bucket-allocator-block-size=33554432"
    "memorysetup-bucket-allocator-block-count=8"
    "memorysetup-main-allocator-block-size=16777216"
    "memorysetup-thread-allocator-block-size=16777216"
    "memorysetup-gfx-main-allocator-block-size=16777216"
    "memorysetup-gfx-thread-allocator-block-size=16777216"
    "memorysetup-cache-allocator-block-size=4194304"
    "memorysetup-typetree-allocator-block-size=2097152"
    "memorysetup-profiler-bucket-allocator-granularity=16"
    "memorysetup-profiler-bucket-allocator-bucket-count=8"
    "memorysetup-profiler-bucket-allocator-block-size=33554432"
    "memorysetup-profiler-bucket-allocator-block-count=8"
    "memorysetup-profiler-allocator-block-size=16777216"
    "memorysetup-profiler-editor-allocator-block-size=1048576"
    "memorysetup-temp-allocator-size-main=16777216"
    "memorysetup-job-temp-allocator-block-size=2097152"
    "memorysetup-job-temp-allocator-block-size-background=1048576"
    "memorysetup-job-temp-allocator-reduction-small-platforms=262144"
    "memorysetup-allocator-temp-initial-block-size-main=262144"
    "memorysetup-allocator-temp-initial-block-size-worker=262144"
    "memorysetup-temp-allocator-size-background-worker=32768"
    "memorysetup-temp-allocator-size-job-worker=262144"
    "memorysetup-temp-allocator-size-preload-manager=33554432"
    "memorysetup-temp-allocator-size-nav-mesh-worker=65536"
    "memorysetup-temp-allocator-size-audio-worker=65536"
    "memorysetup-temp-allocator-size-cloud-worker=32768"
    "memorysetup-temp-allocator-size-gi-baking-worker=262144"
    "memorysetup-temp-allocator-size-gfx=262144"
Player connection [22940] Host "[IP] 192.168.176.1 [Port] 0 [Flags] 2 [Guid] 56605078 [EditorId] 56605078 [Version] 1048832 [Id] WindowsEditor(7,DESKTOP-DCDKM6J) [Debug] 1 [PackageName] WindowsEditor [ProjectName] Editor" joined multi-casting on [225.0.0.222:54997]...

Player connection [22940] Host "[IP] 192.168.176.1 [Port] 0 [Flags] 2 [Guid] 56605078 [EditorId] 56605078 [Version] 1048832 [Id] WindowsEditor(7,DESKTOP-DCDKM6J) [Debug] 1 [PackageName] WindowsEditor [ProjectName] Editor" joined alternative multi-casting on [225.0.0.222:34997]...

[Physics::Module] Initialized MultithreadedJobDispatcher with 11 workers.
Refreshing native plugins compatible for Editor in 9.97 ms, found 3 plugins.
Preloading 0 native plugins for Editor in 0.00 ms.
Initialize engine version: 2022.3.11f1 (d00248457e15)
[Subsystems] Discovering subsystems at path C:/Program Files/Unity/Hub/Editor/2022.3.11f1/Editor/Data/Resources/UnitySubsystems
[Subsystems] Discovering subsystems at path C:/sae/studio-2-week-3/Assets
GfxDevice: creating device client; threaded=0; jobified=0
Direct3D:
    Version:  Direct3D 11.0 [level 11.1]
    Renderer: NVIDIA GeForce GTX 1660 Ti (ID=0x2191)
    Vendor:   NVIDIA
    VRAM:     5979 MB
    Driver:   31.0.15.4629
Initialize mono
Mono path[0] = 'C:/Program Files/Unity/Hub/Editor/2022.3.11f1/Editor/Data/Managed'
Mono path[1] = 'C:/Program Files/Unity/Hub/Editor/2022.3.11f1/Editor/Data/MonoBleedingEdge/lib/mono/unityjit-win32'
Mono config path = 'C:/Program Files/Unity/Hub/Editor/2022.3.11f1/Editor/Data/MonoBleedingEdge/etc'
Using monoOptions --debugger-agent=transport=dt_socket,embedding=1,server=y,suspend=n,address=127.0.0.1:56708
Begin MonoManager ReloadAssembly
Registering precompiled unity dll's ...
Register platform support module: C:/Program Files/Unity/Hub/Editor/2022.3.11f1/Editor/Data/PlaybackEngines/WindowsStandaloneSupport/UnityEditor.WindowsStandalone.Extensions.dll
Registered in 0.016097 seconds.
- Loaded All Assemblies, in  0.495 seconds
Native extension for WindowsStandalone target not found
Mono: successfully reloaded assembly
- Finished resetting the current domain, in  0.355 seconds
Domain Reload Profiling: 847ms
	BeginReloadAssembly (155ms)
		ExecutionOrderSort (0ms)
		DisableScriptedObjects (0ms)
		BackupInstance (0ms)
		ReleaseScriptingObjects (0ms)
		CreateAndSetChildDomain (1ms)
	RebuildCommonClasses (51ms)
	RebuildNativeTypeToScriptingClass (13ms)
	initialDomainReloadingComplete (95ms)
	LoadAllAssembliesAndSetupDomain (178ms)
		LoadAssemblies (152ms)
		RebuildTransferFunctionScriptingTraits (0ms)
		AnalyzeDomain (175ms)
			TypeCache.Refresh (173ms)
				TypeCache.ScanAssembly (154ms)
			ScanForSourceGeneratedMonoScriptInfo (1ms)
			ResolveRequiredComponents (1ms)
	FinalizeReload (355ms)
		ReleaseScriptCaches (0ms)
		RebuildScriptCaches (0ms)
		SetupLoadedEditorAssemblies (272ms)
			LogAssemblyErrors (0ms)
			InitializePlatformSupportModulesInManaged (14ms)
			SetLoadedEditorAssemblies (10ms)
			RefreshPlugins (0ms)
			BeforeProcessingInitializeOnLoad (2ms)
			ProcessInitializeOnLoadAttributes (167ms)
			ProcessInitializeOnLoadMethodAttributes (77ms)
			AfterProcessingInitializeOnLoad (0ms)
			EditorAssembliesLoaded (0ms)
		ExecutionOrderSort2 (0ms)
		AwakeInstancesAfterBackupRestoration (0ms)
========================================================================
Worker process is ready to serve import requests
Begin MonoManager ReloadAssembly
- Loaded All Assemblies, in  0.905 seconds
Refreshing native plugins compatible for Editor in 3.80 ms, found 3 plugins.
Native extension for WindowsStandalone target not found
Package Manager log level set to [2]
[Package Manager] Server::EnsureServerProcessIsRunning -- launch failed, reason: Unity was launched with the -noUpm command-line argument
[Package Manager] UpmClient::Send -- Unable to send message (not connected to UPM process).
[Package Manager] Cannot connect to Unity Package Manager local server
Mono: successfully reloaded assembly
- Finished resetting the current domain, in  0.740 seconds
Domain Reload Profiling: 1641ms
	BeginReloadAssembly (268ms)
		ExecutionOrderSort (0ms)
		DisableScriptedObjects (10ms)
		BackupInstance (0ms)
		ReleaseScriptingObjects (0ms)
		CreateAndSetChildDomain (29ms)
	RebuildCommonClasses (50ms)
	RebuildNativeTypeToScriptingClass (15ms)
	initialDomainReloadingComplete (59ms)
	LoadAllAssembliesAndSetupDomain (508ms)
		LoadAssemblies (443ms)
		RebuildTransferFunctionScriptingTraits (0ms)
		AnalyzeDomain (245ms)
			TypeCache.Refresh (219ms)
				TypeCache.ScanAssembly (197ms)
			ScanForSourceGeneratedMonoScriptInfo (19ms)
			ResolveRequiredComponents (5ms)
	FinalizeReload (741ms)
		ReleaseScriptCaches (0ms)
		RebuildScriptCaches (0ms)
		SetupLoadedEditorAssemblies (540ms)
			LogAssemblyErrors (0ms)
			InitializePlatformSupportModulesInManaged (8ms)
			SetLoadedEditorAssemblies (3ms)
			RefreshPlugins (0ms)
			BeforeProcessingInitializeOnLoad (80ms)
			ProcessInitializeOnLoadAttributes (405ms)
			ProcessInitializeOnLoadMethodAttributes (30ms)
			AfterProcessingInitializeOnLoad (13ms)
			EditorAssembliesLoaded (0ms)
		ExecutionOrderSort2 (0ms)
		AwakeInstancesAfterBackupRestoration (8ms)
Launched and connected shader compiler UnityShaderCompiler.exe after 0.06 seconds
Refreshing native plugins compatible for Editor in 7.16 ms, found 3 plugins.
Preloading 0 native plugins for Editor in 0.00 ms.
Unloading 3084 Unused Serialized files (Serialized files now loaded: 0)
Unloading 32 unused Assets / (56.9 KB). Loaded Objects now: 3545.
Memory consumption went from 121.7 MB to 121.6 MB.
Total: 4.442500 ms (FindLiveObjects: 0.663200 ms CreateObjectMapping: 0.352600 ms MarkObjects: 3.306700 ms  DeleteObjects: 0.116700 ms)

AssetImportParameters requested are different than current active one (requested -> active):
  custom:container-demuxer-ogg: 62fdf1f143b41e24485cea50d1cbac27 -> 
  custom:video-decoder-ogg-theora: a1e56fd34408186e4bbccfd4996cb3dc -> 
  custom:framework-win-MediaFoundation: 216162199b28c13a410421893ffa2e32 -> 
  custom:CustomObjectIndexerAttribute: 756ad292c208cfabdd7b50bc23989ffe -> 
  custom:container-demuxer-webm: 4f35f7cbe854078d1ac9338744f61a02 -> 
  custom:container-muxer-webm: aa71ff27fc2769a1b78a27578f13a17b -> 
  custom:video-decoder-webm-vp8: 9c59270c3fd7afecdb556c50c9e8de78 -> 
  custom:SearchIndexIgnoredProperties: e643bd26f0fe6173181afceb89e7c659 -> 
  custom:AudioImporter_EditorPlatform: d09bf68614088b80899f8185d706f6e7 -> 
  custom:video-encoder-webm-vp8: eb34c28f22e8b96e1ab97ce403110664 -> 
  custom:audio-decoder-ogg-vorbis: bf7c407c2cedff20999df2af8eb42d56 -> 
  custom:audio-encoder-webm-vorbis: bf7c407c2cedff20999df2af8eb42d56 -> 
========================================================================
Received Import Request.
  Time since last request: 370659.770435 seconds.
  path: Assets/Scenes/adil scene.unity
  artifactKey: Guid(7c9b9e22c09f9b24598f9f5a63c0e2ed) Importer(815301076,1909f56bfc062723c751e8b465ee728b)
Start importing Assets/Scenes/adil scene.unity using Guid(7c9b9e22c09f9b24598f9f5a63c0e2ed) Importer(815301076,1909f56bfc062723c751e8b465ee728b)  -> (artifact id: '7db1637595f548b11b2cf668f789ca08') in 0.002456 seconds
Number of updated asset objects reloaded before import = 0
Number of asset objects unloaded after import = 0
========================================================================
Received Import Request.
  Time since last request: 45.590635 seconds.
  path: Assets/Assets/banner_blue.fbx
  artifactKey: Guid(83d2ae8e077e7d84982fe10b6689b53b) Importer(815301076,1909f56bfc062723c751e8b465ee728b)
Start importing Assets/Assets/banner_blue.fbx using Guid(83d2ae8e077e7d84982fe10b6689b53b) Importer(815301076,1909f56bfc062723c751e8b465ee728b)  -> (artifact id: 'c10583b6eb185e7f4690d8fd57f928e2') in 0.520911 seconds
Number of updated asset objects reloaded before import = 0
Number of asset objects unloaded after import = 9
========================================================================
Received Import Request.
  Time since last request: 0.000028 seconds.
  path: Assets/Assets/banner_red.fbx
  artifactKey: Guid(d770ec11b61f936479da3751b41a72a1) Importer(815301076,1909f56bfc062723c751e8b465ee728b)
Start importing Assets/Assets/banner_red.fbx using Guid(d770ec11b61f936479da3751b41a72a1) Importer(815301076,1909f56bfc062723c751e8b465ee728b)  -> (artifact id: '9e1e25263782bfe34119837061b4aa8b') in 0.031967 seconds
Number of updated asset objects reloaded before import = 0
Number of asset objects unloaded after import = 9
========================================================================
Received Import Request.
  Time since last request: 0.000027 seconds.
  path: Assets/Assets/banner_patternA_white.fbx
  artifactKey: Guid(75f66827f879d554dbf388ba0f7d1de9) Importer(815301076,1909f56bfc062723c751e8b465ee728b)
Start importing Assets/Assets/banner_patternA_white.fbx using Guid(75f66827f879d554dbf388ba0f7d1de9) Importer(815301076,1909f56bfc062723c751e8b465ee728b)  -> (artifact id: '4866a496977c7ab79cf78ba0a20eb08e') in 0.032107 seconds
Number of updated asset objects reloaded before import = 0
Number of asset objects unloaded after import = 9
========================================================================
Received Import Request.
  Time since last request: 0.000015 seconds.
  path: Assets/Assets/banner_patternC_red.fbx
  artifactKey: Guid(7fa9ec5f6171b4d41b15e0a6394334bd) Importer(815301076,1909f56bfc062723c751e8b465ee728b)
Start importing Assets/Assets/banner_patternC_red.fbx using Guid(7fa9ec5f6171b4d41b15e0a6394334bd) Importer(815301076,1909f56bfc062723c751e8b465ee728b)  -> (artifact id: 'b8b978e80f46a430e1e2b38c3254b3c3') in 0.032014 seconds
Number of updated asset objects reloaded before import = 0
Number of asset objects unloaded after import = 9
========================================================================
Received Import Request.
  Time since last request: 0.000014 seconds.
  path: Assets/Assets/banner_patternB_green.fbx
  artifactKey: Guid(379765f91c5d3fd4eb871d4383a8d862) Importer(815301076,1909f56bfc062723c751e8b465ee728b)
Start importing Assets/Assets/banner_patternB_green.fbx using Guid(379765f91c5d3fd4eb871d4383a8d862) Importer(815301076,1909f56bfc062723c751e8b465ee728b)  -> (artifact id: '6c24540425f8da72c15a980790531a66') in 0.032011 seconds
Number of updated asset objects reloaded before import = 0
Number of asset objects unloaded after import = 9
========================================================================
Received Import Request.
  Time since last request: 0.000014 seconds.
  path: Assets/Assets/banner_thin_brown.fbx
  artifactKey: Guid(d07846d58efbd9f4587da0de29be6135) Importer(815301076,1909f56bfc062723c751e8b465ee728b)
Start importing Assets/Assets/banner_thin_brown.fbx using Guid(d07846d58efbd9f4587da0de29be6135) Importer(815301076,1909f56bfc062723c751e8b465ee728b)  -> (artifact id: '8bd56cb335169d3c9fa412c17e037fac') in 0.029579 seconds
Number of updated asset objects reloaded before import = 0
Number of asset objects unloaded after import = 9
========================================================================
Received Import Request.
  Time since last request: 0.000154 seconds.
  path: Assets/Assets/barrel_small.fbx
  artifactKey: Guid(7b5640b7fcb91314a96a870edcfea012) Importer(815301076,1909f56bfc062723c751e8b465ee728b)
Start importing Assets/Assets/barrel_small.fbx using Guid(7b5640b7fcb91314a96a870edcfea012) Importer(815301076,1909f56bfc062723c751e8b465ee728b)  -> (artifact id: '8b63cef8637ec18c74b89c6e1d669eb0') in 0.028932 seconds
Number of updated asset objects reloaded before import = 0
Number of asset objects unloaded after import = 9
========================================================================
Received Import Request.
  Time since last request: 0.000028 seconds.
  path: Assets/Assets/banner_triple_yellow.fbx
  artifactKey: Guid(f3d150d3bc0802844a91255d66d7a853) Importer(815301076,1909f56bfc062723c751e8b465ee728b)
Start importing Assets/Assets/banner_triple_yellow.fbx using Guid(f3d150d3bc0802844a91255d66d7a853) Importer(815301076,1909f56bfc062723c751e8b465ee728b)  -> (artifact id: '16e114fae7c048f9132ccfc86a216505') in 0.030224 seconds
Number of updated asset objects reloaded before import = 0
Number of asset objects unloaded after import = 9
========================================================================
Received Import Request.
  Time since last request: 0.000015 seconds.
  path: Assets/Assets/banner_patternC_brown.fbx
  artifactKey: Guid(2f94bafa1e671454a91b1f3328f4197c) Importer(815301076,1909f56bfc062723c751e8b465ee728b)
Start importing Assets/Assets/banner_patternC_brown.fbx using Guid(2f94bafa1e671454a91b1f3328f4197c) Importer(815301076,1909f56bfc062723c751e8b465ee728b)  -> (artifact id: '2900796ef8131e05a647abf23678f3a7') in 0.029969 seconds
Number of updated asset objects reloaded before import = 0
Number of asset objects unloaded after import = 9
========================================================================
Received Import Request.
  Time since last request: 0.000018 seconds.
  path: Assets/Assets/banner_patternC_green.fbx
  artifactKey: Guid(f2214eb1ed3e79e44b8f331a8b9580f4) Importer(815301076,1909f56bfc062723c751e8b465ee728b)
Start importing Assets/Assets/banner_patternC_green.fbx using Guid(f2214eb1ed3e79e44b8f331a8b9580f4) Importer(815301076,1909f56bfc062723c751e8b465ee728b)  -> (artifact id: '9d7d1d3711210be8a1037c8ab71a7225') in 0.027233 seconds
Number of updated asset objects reloaded before import = 0
Number of asset objects unloaded after import = 9
========================================================================
Received Import Request.
  Time since last request: 0.000032 seconds.
  path: Assets/Assets/banner_patternC_yellow.fbx
  artifactKey: Guid(ca77adf8712cd4d41ae68769d3feae52) Importer(815301076,1909f56bfc062723c751e8b465ee728b)
Start importing Assets/Assets/banner_patternC_yellow.fbx using Guid(ca77adf8712cd4d41ae68769d3feae52) Importer(815301076,1909f56bfc062723c751e8b465ee728b)  -> (artifact id: '9eb4504f766d02e5b0cd776b269603c0') in 0.028265 seconds
Number of updated asset objects reloaded before import = 0
Number of asset objects unloaded after import = 9
========================================================================
Received Import Request.
  Time since last request: 0.000020 seconds.
  path: Assets/Assets/banner_triple_red.fbx
  artifactKey: Guid(a8f73de70dec2014ba6ee65565be77e9) Importer(815301076,1909f56bfc062723c751e8b465ee728b)
Start importing Assets/Assets/banner_triple_red.fbx using Guid(a8f73de70dec2014ba6ee65565be77e9) Importer(815301076,1909f56bfc062723c751e8b465ee728b)  -> (artifact id: 'a7a802d50321eb11fb31fd13024e0d24') in 0.027225 seconds
Number of updated asset objects reloaded before import = 0
Number of asset objects unloaded after import = 9
========================================================================
Received Import Request.
  Time since last request: 0.000014 seconds.
  path: Assets/Assets/barrel_large_decorated.fbx
  artifactKey: Guid(5c900cd49101ab6419d94b0816c93166) Importer(815301076,1909f56bfc062723c751e8b465ee728b)
Start importing Assets/Assets/barrel_large_decorated.fbx using Guid(5c900cd49101ab6419d94b0816c93166) Importer(815301076,1909f56bfc062723c751e8b465ee728b)  -> (artifact id: '1022c3f6a95b1f2e46f857e2ee135c05') in 0.027407 seconds
Number of updated asset objects reloaded before import = 0
Number of asset objects unloaded after import = 9
========================================================================
Received Import Request.
  Time since last request: 0.000029 seconds.
  path: Assets/Assets/banner_patternA_green.fbx
  artifactKey: Guid(de3784f53d6bd05419b2e5a3070b9db9) Importer(815301076,1909f56bfc062723c751e8b465ee728b)
Start importing Assets/Assets/banner_patternA_green.fbx using Guid(de3784f53d6bd05419b2e5a3070b9db9) Importer(815301076,1909f56bfc062723c751e8b465ee728b)  -> (artifact id: '62938e4bbedd52404e340b3a4a9adec0') in 0.028530 seconds
Number of updated asset objects reloaded before import = 0
Number of asset objects unloaded after import = 9
========================================================================
Received Import Request.
  Time since last request: 0.000014 seconds.
  path: Assets/Assets/banner_patternB_red.fbx
  artifactKey: Guid(7b2d69a8259f022439d99a8da5f420b6) Importer(815301076,1909f56bfc062723c751e8b465ee728b)
Start importing Assets/Assets/banner_patternB_red.fbx using Guid(7b2d69a8259f022439d99a8da5f420b6) Importer(815301076,1909f56bfc062723c751e8b465ee728b)  -> (artifact id: '29a7b8871b16a91da740d7fe08918682') in 0.026581 seconds
Number of updated asset objects reloaded before import = 0
Number of asset objects unloaded after import = 9
========================================================================
Received Import Request.
  Time since last request: 0.000017 seconds.
  path: Assets/Assets/banner_thin_red.fbx
  artifactKey: Guid(219f157995155304eb0b8090a5f20bad) Importer(815301076,1909f56bfc062723c751e8b465ee728b)
Start importing Assets/Assets/banner_thin_red.fbx using Guid(219f157995155304eb0b8090a5f20bad) Importer(815301076,1909f56bfc062723c751e8b465ee728b)  -> (artifact id: '1f512bcc4ad10bf1c8923219030ca7c0') in 0.028972 seconds
Number of updated asset objects reloaded before import = 0
Number of asset objects unloaded after import = 9
========================================================================
Received Import Request.
  Time since last request: 0.000023 seconds.
  path: Assets/Assets/banner_triple_green.fbx
  artifactKey: Guid(40588e25d84fc2f478d0dd9479df6084) Importer(815301076,1909f56bfc062723c751e8b465ee728b)
Start importing Assets/Assets/banner_triple_green.fbx using Guid(40588e25d84fc2f478d0dd9479df6084) Importer(815301076,1909f56bfc062723c751e8b465ee728b)  -> (artifact id: 'c8289e7148cbb1aa51022d0a9379cfe5') in 0.029996 seconds
Number of updated asset objects reloaded before import = 0
Number of asset objects unloaded after import = 9
========================================================================
Received Import Request.
  Time since last request: 0.000018 seconds.
  path: Assets/Assets/banner_shield_green.fbx
  artifactKey: Guid(702616654ab714842b9d4c56ca6ee4fe) Importer(815301076,1909f56bfc062723c751e8b465ee728b)
Start importing Assets/Assets/banner_shield_green.fbx using Guid(702616654ab714842b9d4c56ca6ee4fe) Importer(815301076,1909f56bfc062723c751e8b465ee728b)  -> (artifact id: '1def53b901132bf8d49420ad676d38b8') in 0.030252 seconds
Number of updated asset objects reloaded before import = 0
Number of asset objects unloaded after import = 9
========================================================================
Received Import Request.
  Time since last request: 0.000027 seconds.
  path: Assets/Assets/banner_patternC_blue.fbx
  artifactKey: Guid(feabb9f7336c97b4096e72fe3c1aacba) Importer(815301076,1909f56bfc062723c751e8b465ee728b)
Start importing Assets/Assets/banner_patternC_blue.fbx using Guid(feabb9f7336c97b4096e72fe3c1aacba) Importer(815301076,1909f56bfc062723c751e8b465ee728b)  -> (artifact id: 'acd907aa531b6d0a81381bfae2f21a5b') in 0.026667 seconds
Number of updated asset objects reloaded before import = 0
Number of asset objects unloaded after import = 9
========================================================================
Received Import Request.
  Time since last request: 0.000013 seconds.
  path: Assets/Assets/banner_patternA_red.fbx
  artifactKey: Guid(b1e2e0d8264d38d418909fe6c24d2fdd) Importer(815301076,1909f56bfc062723c751e8b465ee728b)
Start importing Assets/Assets/banner_patternA_red.fbx using Guid(b1e2e0d8264d38d418909fe6c24d2fdd) Importer(815301076,1909f56bfc062723c751e8b465ee728b)  -> (artifact id: 'abb7bfa75ac266abdd35818641cfcf5c') in 0.025659 seconds
Number of updated asset objects reloaded before import = 0
Number of asset objects unloaded after import = 9
========================================================================
Received Import Request.
  Time since last request: 0.000054 seconds.
  path: Assets/Assets/banner_triple_blue.fbx
  artifactKey: Guid(955ad017b79408c4bb526f54e0ddeaa6) Importer(815301076,1909f56bfc062723c751e8b465ee728b)
Start importing Assets/Assets/banner_triple_blue.fbx using Guid(955ad017b79408c4bb526f54e0ddeaa6) Importer(815301076,1909f56bfc062723c751e8b465ee728b)  -> (artifact id: '8aff1820e27239802f5d0978d80c127b') in 0.027923 seconds
Number of updated asset objects reloaded before import = 0
Number of asset objects unloaded after import = 9
========================================================================
Received Import Request.
  Time since last request: 0.000018 seconds.
  path: Assets/Assets/banner_patternA_brown.fbx
  artifactKey: Guid(584bca9b59a660047bb19a0e1db6b29f) Importer(815301076,1909f56bfc062723c751e8b465ee728b)
Start importing Assets/Assets/banner_patternA_brown.fbx using Guid(584bca9b59a660047bb19a0e1db6b29f) Importer(815301076,1909f56bfc062723c751e8b465ee728b)  -> (artifact id: 'f1ed50b316b704407317bd23f81fac74') in 0.028108 seconds
Number of updated asset objects reloaded before import = 0
Number of asset objects unloaded after import = 9
========================================================================
Received Import Request.
  Time since last request: 0.000083 seconds.
  path: Assets/Assets/banner_shield_red.fbx
  artifactKey: Guid(f8caab996c43473459aa6b5b8becc519) Importer(815301076,1909f56bfc062723c751e8b465ee728b)
Start importing Assets/Assets/banner_shield_red.fbx using Guid(f8caab996c43473459aa6b5b8becc519) Importer(815301076,1909f56bfc062723c751e8b465ee728b)  -> (artifact id: '968a7dbfc5dff18f74289b97c7da99ea') in 0.027728 seconds
Number of updated asset objects reloaded before import = 0
Number of asset objects unloaded after import = 9
========================================================================
Received Import Request.
  Time since last request: 11.992285 seconds.
  path: Assets/Assets/KayKit_DungeonRemastered_1.0_FREE/Assets/fbx/floor_tile_small.fbx
  artifactKey: Guid(bdb161261f4279b47a9816d72de2c5be) Importer(815301076,1909f56bfc062723c751e8b465ee728b)
Start importing Assets/Assets/KayKit_DungeonRemastered_1.0_FREE/Assets/fbx/floor_tile_small.fbx using Guid(bdb161261f4279b47a9816d72de2c5be) Importer(815301076,1909f56bfc062723c751e8b465ee728b)  -> (artifact id: '41217b50495ca10a0e7a9c24c2261a50') in 0.046850 seconds
Number of updated asset objects reloaded before import = 0
Number of asset objects unloaded after import = 9
Editor requested this worker to shutdown with reason: Scaling down because of idle timeout
TcpMessagingSession - receive error: operation aborted. errorcode: 995, details: The I/O operation has been aborted because of either a thread exit or an application request.
AssetImportWorker is now disconnected from the server
Process exiting
Exiting without the bug reporter. Application will terminate with return code 0